<?xml version="1.0" encoding="UTF-8"?>
<!-- Generated by org.testng.reporters.JUnitReportReporter -->
<testsuite skipped="0" hostname="DESKTOP-5QSTMII" name="com.jbk.Demo1" tests="1" failures="0" timestamp="06 Feb 2021 18:13:48 GMT" time="88.143" errors="0">
  <testcase name="test01" time="88.143" classname="com.jbk.Demo1"/>
</testsuite> <!-- com.jbk.Demo1 -->
